[2025-05-16 08:30:07] Usuario no encontrado: pepito
[2025-05-16 08:31:15] Contraseña ingresada: 1234
[2025-05-16 08:31:15] Hash en BD: $2y$10$77V8QwSRSPpTiw9nb.iwwujQEE5dqc6qXpyUWGJ6cNIURmGoqOoT6
[2025-05-16 08:31:15] Login exitoso para: pepito
[2025-05-16 08:33:39] Contraseña ingresada: 1234
[2025-05-16 08:33:39] Hash en BD: $2y$10$77V8QwSRSPpTiw9nb.iwwujQEE5dqc6qXpyUWGJ6cNIURmGoqOoT6
[2025-05-16 08:33:39] Login exitoso para: pepito
[2025-05-16 09:08:23] Contraseña ingresada: 1234
[2025-05-16 09:08:23] Hash en BD: $2y$10$77V8QwSRSPpTiw9nb.iwwujQEE5dqc6qXpyUWGJ6cNIURmGoqOoT6
[2025-05-16 09:08:23] Login exitoso para: pepito
[2025-05-16 09:12:38] Contraseña ingresada: 1234
[2025-05-16 09:12:38] Hash en BD: $2y$10$77V8QwSRSPpTiw9nb.iwwujQEE5dqc6qXpyUWGJ6cNIURmGoqOoT6
[2025-05-16 09:12:38] Login exitoso para: pepito
[2025-05-16 09:14:03] Contraseña ingresada: 1234
[2025-05-16 09:14:03] Hash en BD: $2y$10$77V8QwSRSPpTiw9nb.iwwujQEE5dqc6qXpyUWGJ6cNIURmGoqOoT6
[2025-05-16 09:14:03] Login exitoso para: pepito
[2025-05-16 09:14:21] Contraseña ingresada: 1234
[2025-05-16 09:14:21] Hash en BD: $2y$10$77V8QwSRSPpTiw9nb.iwwujQEE5dqc6qXpyUWGJ6cNIURmGoqOoT6
[2025-05-16 09:14:21] Login exitoso para: pepito
[2025-05-16 09:14:50] Contraseña ingresada: 1234
[2025-05-16 09:14:50] Hash en BD: $2y$10$77V8QwSRSPpTiw9nb.iwwujQEE5dqc6qXpyUWGJ6cNIURmGoqOoT6
[2025-05-16 09:14:50] Login exitoso para: pepito
[2025-05-16 09:15:08] Contraseña ingresada: 1234
[2025-05-16 09:15:08] Hash en BD: $2y$10$77V8QwSRSPpTiw9nb.iwwujQEE5dqc6qXpyUWGJ6cNIURmGoqOoT6
[2025-05-16 09:15:08] Login exitoso para: pepito
[2025-05-16 09:15:19] Contraseña ingresada: 1234
[2025-05-16 09:15:19] Hash en BD: $2y$10$77V8QwSRSPpTiw9nb.iwwujQEE5dqc6qXpyUWGJ6cNIURmGoqOoT6
[2025-05-16 09:15:19] Login exitoso para: pepito
[2025-05-16 09:26:50] Contraseña ingresada: 1234
[2025-05-16 09:26:50] Hash en BD: $2y$10$77V8QwSRSPpTiw9nb.iwwujQEE5dqc6qXpyUWGJ6cNIURmGoqOoT6
[2025-05-16 09:26:50] Login exitoso para: pepito
[2025-05-16 09:48:06] Usuario no encontrado: admin
[2025-05-16 10:09:25] Usuario no encontrado: admin
[2025-05-16 10:09:32] Contraseña ingresada: 1234
[2025-05-16 10:09:32] Hash en BD: $2y$10$77V8QwSRSPpTiw9nb.iwwujQEE5dqc6qXpyUWGJ6cNIURmGoqOoT6
[2025-05-16 10:09:33] Login exitoso para: pepito
